BM/app/build/intermediates/manifest_merge_blame_file/debug/manifest-merger-blame-debug-report.txt
1<?xml version="1.0" encoding="utf-8"?>
2<manifest xmlns:android="http://schemas.android.com/apk/res/android"
3    package="com.example.bm"
4    android:versionCode="1"
5    android:versionName="1.0" >
6
7    <uses-sdk
8        android:minSdkVersion="19"
8-->src\main\AndroidManifest.xml
9        android:targetSdkVersion="29" />
9-->src\main\AndroidManifest.xml
10
11    <!-- Although the *SdkVersion is captured in gradle build files, this is required for non gradle builds -->
12    <!-- <uses-sdk android:minSdkVersion="14" /> -->
13    <uses-permission android:name="android.permission.ACCESS_NETWORK_STATE" />
13-->[com.google.firebase:firebase-firestore:21.2.1] AndroidManifest.xml:13:5-79
13-->[com.google.firebase:firebase-firestore:21.2.1] AndroidManifest.xml:13:22-76
14    <uses-permission android:name="android.permission.INTERNET" />
14-->[com.google.firebase:firebase-firestore:21.2.1] AndroidManifest.xml:14:5-67
14-->[com.google.firebase:firebase-firestore:21.2.1] AndroidManifest.xml:14:22-64
15    <uses-permission android:name="android.permission.WAKE_LOCK" /> <!-- Required by older versions of Google Play services to create IID tokens -->
15-->[com.google.android.gms:play-services-measurement-api:17.2.1] AndroidManifest.xml:24:5-68
15-->[com.google.android.gms:play-services-measurement-api:17.2.1] AndroidManifest.xml:24:22-65
16    <uses-permission android:name="com.google.android.c2dm.permission.RECEIVE" />
16-->[com.google.firebase:firebase-iid:19.0.0] AndroidManifest.xml:26:5-82
16-->[com.google.firebase:firebase-iid:19.0.0] AndroidManifest.xml:26:22-79
17    <uses-permission android:name="com.google.android.finsky.permission.BIND_GET_INSTALL_REFERRER_SERVICE" />
17-->[com.google.android.gms:play-services-measurement:17.2.1] AndroidManifest.xml:26:5-110
17-->[com.google.android.gms:play-services-measurement:17.2.1] AndroidManifest.xml:26:22-107
18
19    <application
19-->src\main\AndroidManifest.xml:6:5-36:19
20        android:name="androidx.multidex.MultiDexApplication"
21        android:allowBackup="true"
21-->src\main\AndroidManifest.xml:7:9-35
22        android:appComponentFactory="androidx.core.app.CoreComponentFactory"
22-->[androidx.core:core:1.1.0] AndroidManifest.xml:24:18-86
23        android:debuggable="true"
24        android:icon="@drawable/appicon"
24-->src\main\AndroidManifest.xml:8:9-41
25        android:label="@string/app_name"
25-->src\main\AndroidManifest.xml:9:9-41
26        android:roundIcon="@drawable/appicon"
26-->src\main\AndroidManifest.xml:10:9-46
27        android:supportsRtl="true"
27-->src\main\AndroidManifest.xml:11:9-35
28        android:testOnly="true"
29        android:theme="@style/AppTheme" >
29-->src\main\AndroidManifest.xml:12:9-40
30        <activity android:name="com.example.bm.selectWhichViewPage" />
30-->src\main\AndroidManifest.xml:14:9-56
30-->src\main\AndroidManifest.xml:14:19-54
31        <activity android:name="com.example.bm.settingsPage" />
31-->src\main\AndroidManifest.xml:15:9-50
31-->src\main\AndroidManifest.xml:15:19-47
32        <activity android:name="com.example.bm.income_inputscreen" />
32-->src\main\AndroidManifest.xml:16:9-56
32-->src\main\AndroidManifest.xml:16:19-53
33        <activity android:name="com.example.bm.expense_inputscreen" />
33-->src\main\AndroidManifest.xml:17:9-57
33-->src\main\AndroidManifest.xml:17:19-54
34        <activity android:name="com.example.bm.developerInfoPage" />
34-->src\main\AndroidManifest.xml:18:9-55
34-->src\main\AndroidManifest.xml:18:19-52
35        <activity android:name="com.example.bm.view_spending_delta" />
35-->src\main\AndroidManifest.xml:19:9-57
35-->src\main\AndroidManifest.xml:19:19-54
36        <activity android:name="com.example.bm.view_recent_budget_activity" />
36-->src\main\AndroidManifest.xml:20:9-65
36-->src\main\AndroidManifest.xml:20:19-62
37        <activity android:name="com.example.bm.set_income_categories" />
37-->src\main\AndroidManifest.xml:21:9-59
37-->src\main\AndroidManifest.xml:21:19-56
38        <activity android:name="com.example.bm.set_expense_categories" />
38-->src\main\AndroidManifest.xml:22:9-60
38-->src\main\AndroidManifest.xml:22:19-57
39        <activity android:name="com.example.bm.splashScreen" >
39-->src\main\AndroidManifest.xml:23:9-29:20
39-->src\main\AndroidManifest.xml:23:19-47
40            <intent-filter>
40-->src\main\AndroidManifest.xml:24:13-28:29
41                <action android:name="android.intent.action.MAIN" />
41-->src\main\AndroidManifest.xml:25:17-69
41-->src\main\AndroidManifest.xml:25:25-66
42
43                <category android:name="android.intent.category.LAUNCHER" />
43-->src\main\AndroidManifest.xml:27:17-77
43-->src\main\AndroidManifest.xml:27:27-74
44            </intent-filter>
45        </activity>
46        <activity
46-->src\main\AndroidManifest.xml:30:9-33:59
47            android:name="com.example.bm.HomePageActivity"
47-->src\main\AndroidManifest.xml:31:13-45
48            android:label="HomePageActivity"
48-->src\main\AndroidManifest.xml:32:13-45
49            android:theme="@style/AppTheme.NoActionBar" />
49-->src\main\AndroidManifest.xml:33:13-56
50        <activity android:name="com.example.bm.SignUpActivity" />
50-->src\main\AndroidManifest.xml:34:9-52
50-->src\main\AndroidManifest.xml:34:19-49
51        <activity android:name="com.example.bm.MainActivity" />
51-->src\main\AndroidManifest.xml:35:9-50
51-->src\main\AndroidManifest.xml:35:19-47
52        <activity
52-->[com.google.firebase:firebase-auth:19.1.0] AndroidManifest.xml:24:9-31:50
53            android:name="com.google.firebase.auth.internal.FederatedSignInActivity"
53-->[com.google.firebase:firebase-auth:19.1.0] AndroidManifest.xml:25:13-85
54            android:excludeFromRecents="true"
54-->[com.google.firebase:firebase-auth:19.1.0] AndroidManifest.xml:26:13-46
55            android:exported="true"
55-->[com.google.firebase:firebase-auth:19.1.0] AndroidManifest.xml:27:13-36
56            android:launchMode="singleTask"
56-->[com.google.firebase:firebase-auth:19.1.0] AndroidManifest.xml:28:13-44
57            android:permission="com.google.firebase.auth.api.gms.permission.LAUNCH_FEDERATED_SIGN_IN"
57-->[com.google.firebase:firebase-auth:19.1.0] AndroidManifest.xml:29:13-102
58            android:theme="@android:style/Theme.Translucent.NoTitleBar" />
58-->[com.google.firebase:firebase-auth:19.1.0] AndroidManifest.xml:30:13-72
59
60        <service
60-->[com.google.firebase:firebase-auth:19.1.0] AndroidManifest.xml:33:9-39:19
61            android:name="com.google.firebase.components.ComponentDiscoveryService"
61-->[com.google.firebase:firebase-auth:19.1.0] AndroidManifest.xml:34:13-84
62            android:directBootAware="true"
62-->[com.google.firebase:firebase-common:19.2.0] AndroidManifest.xml:15:13-43
63            android:exported="false" >
63-->[com.google.firebase:firebase-auth:19.1.0] AndroidManifest.xml:35:13-37
64            <meta-data
64-->[com.google.firebase:firebase-auth:19.1.0] AndroidManifest.xml:36:13-38:85
65                android:name="com.google.firebase.components:com.google.firebase.auth.FirebaseAuthRegistrar"
65-->[com.google.firebase:firebase-auth:19.1.0] AndroidManifest.xml:37:17-109
66                android:value="com.google.firebase.components.ComponentRegistrar" />
66-->[com.google.firebase:firebase-auth:19.1.0] AndroidManifest.xml:38:17-82
67            <meta-data
67-->[com.google.firebase:firebase-firestore:21.2.1] AndroidManifest.xml:20:13-22:85
68                android:name="com.google.firebase.components:com.google.firebase.firestore.FirestoreRegistrar"
68-->[com.google.firebase:firebase-firestore:21.2.1] AndroidManifest.xml:21:17-111
69                android:value="com.google.firebase.components.ComponentRegistrar" />
69-->[com.google.firebase:firebase-firestore:21.2.1] AndroidManifest.xml:22:17-82
70            <meta-data
70-->[com.google.android.gms:play-services-measurement-api:17.2.1] AndroidManifest.xml:30:13-32:85
71                android:name="com.google.firebase.components:com.google.firebase.analytics.connector.internal.AnalyticsConnectorRegistrar"
71-->[com.google.android.gms:play-services-measurement-api:17.2.1] AndroidManifest.xml:31:17-139
72                android:value="com.google.firebase.components.ComponentRegistrar" />
72-->[com.google.android.gms:play-services-measurement-api:17.2.1] AndroidManifest.xml:32:17-82
73            <meta-data
73-->[com.google.firebase:firebase-iid:19.0.0] AndroidManifest.xml:32:13-34:85
74                android:name="com.google.firebase.components:com.google.firebase.iid.Registrar"
74-->[com.google.firebase:firebase-iid:19.0.0] AndroidManifest.xml:33:17-96
75                android:value="com.google.firebase.components.ComponentRegistrar" />
75-->[com.google.firebase:firebase-iid:19.0.0] AndroidManifest.xml:34:17-82
76        </service>
77
78        <receiver
78-->[com.google.firebase:firebase-iid:19.0.0] AndroidManifest.xml:37:9-44:20
79            android:name="com.google.firebase.iid.FirebaseInstanceIdReceiver"
79-->[com.google.firebase:firebase-iid:19.0.0] AndroidManifest.xml:38:13-78
80            android:exported="true"
80-->[com.google.firebase:firebase-iid:19.0.0] AndroidManifest.xml:39:13-36
81            android:permission="com.google.android.c2dm.permission.SEND" >
81-->[com.google.firebase:firebase-iid:19.0.0] AndroidManifest.xml:40:13-73
82            <intent-filter>
82-->[com.google.firebase:firebase-iid:19.0.0] AndroidManifest.xml:41:13-43:29
83                <action android:name="com.google.android.c2dm.intent.RECEIVE" />
83-->[com.google.firebase:firebase-iid:19.0.0] AndroidManifest.xml:42:17-81
83-->[com.google.firebase:firebase-iid:19.0.0] AndroidManifest.xml:42:25-78
84            </intent-filter>
85        </receiver>
86
87        <activity
87-->[com.google.android.gms:play-services-base:17.1.0] AndroidManifest.xml:23:9-26:75
88            android:name="com.google.android.gms.common.api.GoogleApiActivity"
88-->[com.google.android.gms:play-services-base:17.1.0] AndroidManifest.xml:24:13-79
89            android:exported="false"
89-->[com.google.android.gms:play-services-base:17.1.0] AndroidManifest.xml:25:13-37
90            android:theme="@android:style/Theme.Translucent.NoTitleBar" />
90-->[com.google.android.gms:play-services-base:17.1.0] AndroidManifest.xml:26:13-72
91
92        <receiver
92-->[com.google.android.gms:play-services-measurement:17.2.1] AndroidManifest.xml:29:9-33:20
93            android:name="com.google.android.gms.measurement.AppMeasurementReceiver"
93-->[com.google.android.gms:play-services-measurement:17.2.1] AndroidManifest.xml:30:13-85
94            android:enabled="true"
94-->[com.google.android.gms:play-services-measurement:17.2.1] AndroidManifest.xml:31:13-35
95            android:exported="false" >
95-->[com.google.android.gms:play-services-measurement:17.2.1] AndroidManifest.xml:32:13-37
96        </receiver>
97        <receiver
97-->[com.google.android.gms:play-services-measurement:17.2.1] AndroidManifest.xml:34:9-42:20
98            android:name="com.google.android.gms.measurement.AppMeasurementInstallReferrerReceiver"
98-->[com.google.android.gms:play-services-measurement:17.2.1] AndroidManifest.xml:35:13-100
99            android:enabled="true"
99-->[com.google.android.gms:play-services-measurement:17.2.1] AndroidManifest.xml:36:13-35
100            android:exported="true"
100-->[com.google.android.gms:play-services-measurement:17.2.1] AndroidManifest.xml:37:13-36
101            android:permission="android.permission.INSTALL_PACKAGES" >
101-->[com.google.android.gms:play-services-measurement:17.2.1] AndroidManifest.xml:38:13-69
102            <intent-filter>
102-->[com.google.android.gms:play-services-measurement:17.2.1] AndroidManifest.xml:39:13-41:29
103                <action android:name="com.android.vending.INSTALL_REFERRER" />
103-->[com.google.android.gms:play-services-measurement:17.2.1] AndroidManifest.xml:40:17-79
103-->[com.google.android.gms:play-services-measurement:17.2.1] AndroidManifest.xml:40:25-76
104            </intent-filter>
105        </receiver>
106
107        <service
107-->[com.google.android.gms:play-services-measurement:17.2.1] AndroidManifest.xml:44:9-47:40
108            android:name="com.google.android.gms.measurement.AppMeasurementService"
108-->[com.google.android.gms:play-services-measurement:17.2.1] AndroidManifest.xml:45:13-84
109            android:enabled="true"
109-->[com.google.android.gms:play-services-measurement:17.2.1] AndroidManifest.xml:46:13-35
110            android:exported="false" />
110-->[com.google.android.gms:play-services-measurement:17.2.1] AndroidManifest.xml:47:13-37
111        <service
111-->[com.google.android.gms:play-services-measurement:17.2.1] AndroidManifest.xml:48:9-52:72
112            android:name="com.google.android.gms.measurement.AppMeasurementJobService"
112-->[com.google.android.gms:play-services-measurement:17.2.1] AndroidManifest.xml:49:13-87
113            android:enabled="true"
113-->[com.google.android.gms:play-services-measurement:17.2.1] AndroidManifest.xml:50:13-35
114            android:exported="false"
114-->[com.google.android.gms:play-services-measurement:17.2.1] AndroidManifest.xml:51:13-37
115            android:permission="android.permission.BIND_JOB_SERVICE" />
115-->[com.google.android.gms:play-services-measurement:17.2.1] AndroidManifest.xml:52:13-69
116
117        <provider
117-->[com.google.firebase:firebase-common:19.2.0] AndroidManifest.xml:19:9-23:39
118            android:name="com.google.firebase.provider.FirebaseInitProvider"
118-->[com.google.firebase:firebase-common:19.2.0] AndroidManifest.xml:20:13-77
119            android:authorities="com.example.bm.firebaseinitprovider"
119-->[com.google.firebase:firebase-common:19.2.0] AndroidManifest.xml:21:13-72
120            android:exported="false"
120-->[com.google.firebase:firebase-common:19.2.0] AndroidManifest.xml:22:13-37
121            android:initOrder="100" />
121-->[com.google.firebase:firebase-common:19.2.0] AndroidManifest.xml:23:13-36
122
123        <meta-data
123-->[com.google.android.gms:play-services-basement:17.0.0] AndroidManifest.xml:23:9-25:69
124            android:name="com.google.android.gms.version"
124-->[com.google.android.gms:play-services-basement:17.0.0] AndroidManifest.xml:24:13-58
125            android:value="@integer/google_play_services_version" />
125-->[com.google.android.gms:play-services-basement:17.0.0] AndroidManifest.xml:25:13-66
126    </application>
127
128</manifest>